==> Fetching downloads for: cmatrix
==> Downloading https://ghcr.io/v2/homebrew/core/cmatrix/manifests/2.0
Already downloaded: /Users/Inz_mac/Library/Caches/Homebrew/downloads/3049e917d52faf55b7b2cef0a049f3610c2a8214729025b1a9e14ac9ab7189a8--cmatrix-2.0.bottle_manifest.json
==> Fetching cmatrix
==> Downloading https://ghcr.io/v2/homebrew/core/cmatrix/blobs/sha256:3e9a355625f0fde46f71845797d28ee84f3613df8ede85373b754f13ca156170
Already downloaded: /Users/Inz_mac/Library/Caches/Homebrew/downloads/7ef794cb370569c8c5bf2abbc9ecfb54c602817c7a30d34c3d21dd38d30efa96--cmatrix--2.0.arm64_tahoe.bottle.tar.gz
==> Pouring cmatrix--2.0.arm64_tahoe.bottle.tar.gz
ðŸº  /opt/homebrew/Cellar/cmatrix/2.0: 11 files, 80.3KB
==> Running `brew cleanup cmatrix`...
Disable this behaviour by setting `HOMEBREW_NO_INSTALL_CLEANUP=1`.
Hide these hints with `HOMEBREW_NO_ENV_HINTS=1` (see `man brew`).
==> Fetching downloads for: sl
==> Downloading https://ghcr.io/v2/homebrew/core/sl/manifests/5.02
Already downloaded: /Users/Inz_mac/Library/Caches/Homebrew/downloads/2a315436336f0068d5e79b27e25bd5fc6c7b982e8977dbd0a29ad0a02cbdf828--sl-5.02.bottle_manifest.json
==> Fetching sl
==> Downloading https://ghcr.io/v2/homebrew/core/sl/blobs/sha256:99c2620dc9fe4058ba790fd445adf4160f5201ef2ad2abae5b9d90b707684f26
Already downloaded: /Users/Inz_mac/Library/Caches/Homebrew/downloads/9449d07d947447a9069760b5607f1609f821f5e961ae6cc5ac6af4ef1e964ebc--sl--5.02.arm64_tahoe.bottle.tar.gz
==> Pouring sl--5.02.arm64_tahoe.bottle.tar.gz
ðŸº  /opt/homebrew/Cellar/sl/5.02: 7 files, 40.2KB
==> Running `brew cleanup sl`...
Disable this behaviour by setting `HOMEBREW_NO_INSTALL_CLEANUP=1`.
Hide these hints with `HOMEBREW_NO_ENV_HINTS=1` (see `man brew`).
==> Searching for similarly named formulae and casks...
==> Formulae
pacmc

To install pacmc, run:
  brew install pacmc

==> Casks
spaceman

To install spaceman, run:
  brew install --cask spaceman
